<?xml version="1.0" encoding="UTF-8"?>
<!-- Generated by org.testng.reporters.JUnitXMLReporter -->
<testsuite hostname="LAPTOP-78FTHU8P" ignored="0" name="Default test" tests="3" failures="0" timestamp="12 Sep 2021 21:08:30 GMT" time="20.763" errors="0">
  <testcase name="loginPageTitleTest" time="0.035" classname="com.crm.qa.testcases.LoginPageTest"/>
  <testcase name="crmLogoImageTest" time="2.351" classname="com.crm.qa.testcases.LoginPageTest"/>
  <testcase name="loginTest" time="3.971" classname="com.crm.qa.testcases.LoginPageTest"/>
</testsuite> <!-- Default test -->
